<?xml version="1.0" encoding="UTF-8"?>
<testng-results ignored="0" total="1" passed="1" failed="0" skipped="0">
  <reporter-output>
  </reporter-output>
  <suite started-at="2022-12-15T22:47:44 IST" name="Default suite" finished-at="2022-12-15T22:47:44 IST" duration-ms="35">
    <groups>
    </groups>
    <test started-at="2022-12-15T22:47:44 IST" name="Default test" finished-at="2022-12-15T22:47:44 IST" duration-ms="35">
      <class name="Demo.SampleTest">
        <test-method signature="sampleTest()[pri:0, instance:Demo.SampleTest@2177849e]" started-at="2022-12-15T22:47:44 IST" name="sampleTest" finished-at="2022-12-15T22:47:44 IST" duration-ms="6" status="PASS">
          <reporter-output>
          </reporter-output>
        </test-method> <!-- sampleTest -->
      </class> <!-- Demo.SampleTest -->
    </test> <!-- Default test -->
  </suite> <!-- Default suite -->
</testng-results>
